<?xml version="1.0" encoding="UTF-8" ?>
<testsuite errors="0" failures="0" hostname="PeteLaptop" name="net.unconventionalthinking.hierarchy.persistence.PersistTest_03_Server__CheckNewPersistedMatrix" tests="1" time="23.844" timestamp="2011-08-27T00:07:09">
  <properties>
    <property name="libs.jsp-compiler.javadoc" value="" />
    <property name="netbeans.autoupdate.country" value="US" />
    <property name="javac.test.classpath" value="../Hierarchy_TestPersistence_Main/dist/Hierarchy_TestPersistence_Main.jar:../Hierarchy/dist/Hierarchy.jar:../lib/commons-collections-3.2.1/commons-collections-3.2.1.jar:build/classes:C:\java\apps\NetBeans 6.9.1\java\modules\ext\junit-3.8.2.jar:C:\java\apps\NetBeans 6.9.1\platform\modules\ext\junit-4.5.jar" />
    <property name="libs.jsf20.maven-pom" value="" />
    <property name="libs.DataBindingME.src" value="" />
    <property name="libs.j2me_ant_ext.javadoc" value="" />
    <property name="libs.proguard.javadoc" value="" />
    <property name="libs.junit.javadoc" value="C:\java\apps\NetBeans 6.9.1\java\docs\junit-3.8.2-api.zip" />
    <property name="libs.nsicom-ant-utils.src" value="" />
    <property name="libs.nokiaS80-ant-utils.javadoc" value="" />
    <property name="ant.core.lib" value="C:\java\apps\NetBeans 6.9.1\java\ant\lib\ant.jar" />
    <property name="libs.swing-app-framework.src" value="" />
    <property name="libs.jakarta_slide_ant_webdav.javadoc" value="" />
    <property name="javadoc.windowtitle" value="" />
    <property name="libs.toplink.classpath" value="C:\java\apps\NetBeans 6.9.1\java\modules\ext\toplink\toplink-essentials.jar;C:\java\apps\NetBeans 6.9.1\java\modules\ext\toplink\toplink-essentials-agent.jar" />
    <property name="libs.jsp-compilation.javadoc" value="" />
    <property name="user.dir" value="C:\Projects\Hierarchy\Code\Hierarchy_TestPersistence1_Server" />
    <property name="libs.hibernate-persistence.javadoc" value="" />
    <property name="libs.JMUnit4CLDC10.javadoc" value="C:\java\apps\NetBeans 6.9.1\mobility\modules\docs\jmunit-1.2.1-api.zip" />
    <property name="java.vm.version" value="17.0-b17" />
    <property name="libs.DataBindingME.classpath" value="C:\java\apps\NetBeans 6.9.1\mobility\modules\ext\netbeans_databindingme.jar" />
    <property name="libs.jstl11.maven-pom" value="" />
    <property name="libs.nsicom-ant-utils.classpath" value="C:\java\apps\NetBeans 6.9.1\mobility\ant\nblib\org-netbeans-modules-j2me-cdc-project-nsicom.jar" />
    <property name="libs.MySQLDriver.classpath" value="C:\java\apps\NetBeans 6.9.1\ide\modules\ext\mysql-connector-java-5.1.6-bin.jar" />
    <property name="libs.jstl11.src" value="" />
    <property name="javadoc.notree" value="false" />
    <property name="lib.dir" value="../lib" />
    <property name="netbeans.autoupdate.version" value="1.23" />
    <property name="libs.javaee-web-api-6.0.classpath" value="C:\java\apps\NetBeans 6.9.1\enterprise\modules\ext\javaee-web-api-6.0.jar" />
    <property name="libs.DataBindingME-PIM.maven-pom" value="" />
    <property name="libs.hibernate-support.maven-pom" value="" />
    <property name="libs.hibernate-support.javadoc" value="" />
    <property name="libs.NetBeans MIDP Components.maven-pom" value="" />
    <property name="jdk.home" value="C:\Program Files\Java\jdk1.6.0_21" />
    <property name="libs.javac-api.src" value="" />
    <property name="Hierarchy.proj.dir" value="../Hierarchy" />
    <property name="javadoc.noindex" value="false" />
    <property name="hierarchy.persistence.main.proj.classpath" value="../Hierarchy_TestPersistence_Main/build/test/classes:../Hierarchy_TestPersistence_Main/build/classes" />
    <property name="sun.os.patch.level" value="Service Pack 1" />
    <property name="java.vm.specification.name" value="Java Virtual Machine Specification" />
    <property name="libs.semc-ant-utils.classpath" value="C:\java\apps\NetBeans 6.9.1\mobility\modules\ext\org-netbeans-modules-j2me-cdc-project-semc.jar" />
    <property name="Hierarchy_TestMatrixProject_1.metasrc.dir" value="../Hierarchy_TestMatrixProject_1/matrix_build/build1_meta" />
    <property name="nb.show.statistics.ui" value="usageStatisticsEnabled" />
    <property name="libs.nokiadeployment.classpath" value="C:\java\apps\NetBeans 6.9.1\mobility\modules\org-netbeans-modules-mobility-deployment-nokia.jar" />
    <property name="netbeans.autoupdate.variant" value="" />
    <property name="have.tests" value="true" />
    <property name="libs.nokiaS80-ant-utils.maven-pom" value="" />
    <property name="HierarchyJar.BaseName" value="Hierarchy" />
    <property name="org.xml.sax.driver" value="com.sun.org.apache.xerces.internal.jaxp.SAXParserImpl$JAXPSAXParser" />
    <property name="libs.nb_svg_midp_components.src" value="C:\java\apps\NetBeans 6.9.1\mobility\sources\nb_svg_midp_components-src.zip" />
    <property name="libs.NetBeans MIDP Components WMA.src" value="C:\java\apps\NetBeans 6.9.1\mobility\sources\netbeans_midp_components_wma-src.zip" />
    <property name="libs.javac-api.javadoc" value="" />
    <property name="os.name" value="Windows 7" />
    <property name="libs.beans-binding.classpath" value="C:\java\apps\NetBeans 6.9.1\java\modules\ext\beansbinding-1.2.1.jar" />
    <property name="platforms.CDC_Java_TM__Platform_Micro_Edition_SDK_3.0.type" value="cdc-hi" />
    <property name="platforms.Java_TM__Platform_Micro_Edition_SDK_3_0.preverifycommandline" value="" />
    <property name="libs.DataBindingME-SVG.javadoc" value="C:\java\apps\NetBeans 6.9.1\mobility\modules\docs\netbeans_databindingme_svg-api.zip" />
    <property name="project.Hierarchy" value="../Hierarchy" />
    <property name="libs.restapi.javadoc" value="C:\java\apps\NetBeans 6.9.1\enterprise\docs\jsr311-api-1.1.1-javadoc.zip" />
    <property name="libs.JWSAntTasks.maven-pom" value="" />
    <property name="libs.ojec-ant-utils.src" value="" />
    <property name="libs.spring-webmvc3.0.src" value="" />
    <property name="libs.restapi.classpath" value="C:\java\apps\NetBeans 6.9.1\enterprise\modules\ext\rest\jsr311-api-1.1.1.jar" />
    <property name="java.vendor.url.bug" value="http://java.sun.com/cgi-bin/bugreport.cgi" />
    <property name="libs.nsicom-ant-utils.javadoc" value="" />
    <property name="libs.jaxb.maven-pom" value="" />
    <property name="os.arch" value="amd64" />
    <property name="libs.eclipselink.src" value="" />
    <property name="user.name" value="Peter Joh" />
    <property name="libs.jsf12.javadoc" value="C:\java\apps\NetBeans 6.9.1\enterprise\docs\javaee6-doc-api.zip" />
    <property name="libs.spring-webmvc3.0.maven-pom" value="" />
    <property name="libs.swing-layout.maven-pom" value="" />
    <property name="build.classes.dir" value="build/classes" />
    <property name="netbeans.accept_license_class" value="org.netbeans.license.AcceptLicense" />
    <property name="file.reference.commons-collections-3.2.1.jar" value="../lib/commons-collections-3.2.1/commons-collections-3.2.1.jar" />
    <property name="build.sysclasspath" value="ignore" />
    <property name="libs.jaxws21.javadoc" value="C:\java\apps\NetBeans 6.9.1\java\docs\jaxws-api-doc.zip" />
    <property name="lib.test.dir" value="../lib-test" />
    <property name="includes" value="**" />
    <property name="libs.ojec-ant-utils.maven-pom" value="" />
    <property name="user.country" value="US" />
    <property name="manifest.file" value="manifest.mf" />
    <property name="libs.jstl11.javadoc" value="C:\java\apps\NetBeans 6.9.1\enterprise\docs\javaee6-doc-api.zip" />
    <property name="libs.JMUnit4CLDC11.src" value="" />
    <property name="Hierarchy_TestMatrixProject_2_GeneratedProj_w_TestSrc.proj.dir" value="../Hierarchy_TestMatrixProject_2_GeneratedProj_w_TestSrc" />
    <property name="javadoc.encoding" value="UTF-8" />
    <property name="javac.classpath" value="../Hierarchy_TestPersistence_Main/dist/Hierarchy_TestPersistence_Main.jar:../Hierarchy/dist/Hierarchy.jar:../lib/commons-collections-3.2.1/commons-collections-3.2.1.jar" />
    <property name="debug-transport" value="dt_shmem" />
    <property name="netbeans.home" value="C:\java\apps\NetBeans 6.9.1\platform" />
    <property name="build.compiler.emacs" value="true" />
    <property name="libs.javaee-web-api-6.0.src" value="" />
    <property name="libs.ejb3-persistence.src" value="" />
    <property name="libs.nokiaS80-ant-utils.src" value="" />
    <property name="libs.cdc-pp-awt-layout.javadoc" value="" />
    <property name="libs.j2me_ant_ext.classpath" value="C:\java\apps\NetBeans 6.9.1\mobility\modules\org-netbeans-modules-mobility-antext.jar;C:\java\apps\NetBeans 6.9.1\java\modules\org-netbeans-modules-classfile.jar" />
    <property name="java.endorsed.dirs" value="C:\Program Files\Java\jdk1.6.0_21\jre\lib\endorsed" />
    <property name="libs.groovy-all.src" value="" />
    <property name="netbeans.dynamic.classpath" value="C:\java\apps\NetBeans 6.9.1\platform\core\core.jar;C:\java\apps\NetBeans 6.9.1\platform\core\org-openide-filesystems.jar;C:\java\apps\NetBeans 6.9.1\platform\core\locale\core_ja.jar;C:\java\apps\NetBeans 6.9.1\platform\core\locale\core_pt_BR.jar;C:\java\apps\NetBeans 6.9.1\platform\core\locale\core_zh_CN.jar;C:\java\apps\NetBeans 6.9.1\platform\core\locale\org-openide-filesystems_ja.jar;C:\java\apps\NetBeans 6.9.1\platform\core\locale\org-openide-filesystems_pt_BR.jar;C:\java\apps\NetBeans 6.9.1\platform\core\locale\org-openide-filesystems_zh_CN.jar;C:\java\apps\NetBeans 6.9.1\nb\core\org-netbeans-upgrader.jar;C:\java\apps\NetBeans 6.9.1\nb\core\locale\core_nb.jar;C:\java\apps\NetBeans 6.9.1\nb\core\locale\core_nb_ja.jar;C:\java\apps\NetBeans 6.9.1\nb\core\locale\core_nb_pt_BR.jar;C:\java\apps\NetBeans 6.9.1\nb\core\locale\core_nb_zh_CN.jar;C:\java\apps\NetBeans 6.9.1\nb\core\locale\org-netbeans-upgrader_ja.jar;C:\java\apps\NetBeans 6.9.1\nb\core\locale\org-netbeans-upgrader_pt_BR.jar;C:\java\apps\NetBeans 6.9.1\nb\core\locale\org-netbeans-upgrader_zh_CN.jar" />
    <property name="libs.cdc-agui-swing-layout.maven-pom" value="" />
    <property name="libs.cdc-pp-awt-layout.src" value="C:\java\apps\NetBeans 6.9.1\mobility\sources\cdc-pp-awt-layout-src.zip" />
    <property name="java.vm.specification.version" value="1.0" />
    <property name="libs.jakarta_slide_ant_webdav.src" value="" />
    <property name="libs.javaee-api-6.0.classpath" value="C:\java\apps\NetBeans 6.9.1\enterprise\modules\ext\javaee-api-6.0.jar" />
    <property name="libs.sjmc-ant-utils.maven-pom" value="" />
    <property name="libs.groovy-all.maven-pom" value="" />
    <property name="libs.JMUnit4CLDC10.maven-pom" value="" />
    <property name="libs.hibernate-persistence.classpath" value="C:\java\apps\NetBeans 6.9.1\java\modules\ext\hibernate\antlr-2.7.6.jar;C:\java\apps\NetBeans 6.9.1\java\modules\ext\hibernate\asm.jar;C:\java\apps\NetBeans 6.9.1\java\modules\ext\hibernate\asm-attrs.jar;C:\java\apps\NetBeans 6.9.1\java\modules\ext\hibernate\cglib-2.1.3.jar;C:\java\apps\NetBeans 6.9.1\java\modules\ext\hibernate\commons-collections-2.1.1.jar;C:\java\apps\NetBeans 6.9.1\ide\modules\ext\commons-logging-1.1.jar;C:\java\apps\NetBeans 6.9.1\java\modules\ext\hibernate\dom4j-1.6.1.jar;C:\java\apps\NetBeans 6.9.1\java\modules\ext\hibernate\ehcache-1.2.3.jar;C:\java\apps\NetBeans 6.9.1\java\modules\ext\hibernate\jdbc2_0-stdext.jar;C:\java\apps\NetBeans 6.9.1\java\modules\ext\hibernate\jta.jar;C:\java\apps\NetBeans 6.9.1\java\modules\ext\hibernate\hibernate3.jar;C:\java\apps\NetBeans 6.9.1\java\modules\ext\hibernate\hibernate-tools.jar;C:\java\apps\NetBeans 6.9.1\java\modules\ext\hibernate\hibernate-annotations.jar;C:\java\apps\NetBeans 6.9.1\java\modules\ext\hibernate\hibernate-commons-annotations.jar;C:\java\apps\NetBeans 6.9.1\java\modules\ext\hibernate\hibernate-entitymanager.jar;C:\java\apps\NetBeans 6.9.1\java\modules\ext\hibernate\javassist.jar;C:\java\apps\NetBeans 6.9.1\java\modules\ext\hibernate\ejb3-persistence.jar" />
    <property name="libs.jaxws21.src" value="" />
    <property name="application.title" value="Hierarchy_TestPersistence1_Server" />
    <property name="do.archive" value="true" />
    <property name="libs.swing-app-framework.classpath" value="C:\java\apps\NetBeans 6.9.1\java\modules\ext\appframework-1.0.3.jar;C:\java\apps\NetBeans 6.9.1\java\modules\ext\swing-worker-1.1.jar" />
    <property name="netbeans.autoupdate.language" value="en" />
    <property name="libs.jakarta_slide_ant_webdav.classpath" value="C:\java\apps\NetBeans 6.9.1\mobility\modules\ext\commons-httpclient-3.0.1.jar;C:\java\apps\NetBeans 6.9.1\ide\modules\ext\commons-logging-1.1.jar;C:\java\apps\NetBeans 6.9.1\java\modules\ext\jdom-1.0.jar;C:\java\apps\NetBeans 6.9.1\mobility\modules\ext\jakarta-slide-webdavlib-2.1.jar;C:\java\apps\NetBeans 6.9.1\mobility\modules\ext\jakarta-slide-ant-webdav-2.1.jar" />
    <property name="Hierarchy_TestMatrixProject_1.proj.dir" value="../Hierarchy_TestMatrixProject_1" />
    <property name="java.vendor" value="Sun Microsystems Inc." />
    <property name="libs.JMUnit4CLDC10.src" value="" />
    <property name="libs.javaee-api-6.0.javadoc" value="C:\java\apps\NetBeans 6.9.1\enterprise\docs\javaee6-doc-api.zip" />
    <property name="javac.debug" value="true" />
    <property name="javadoc.splitindex" value="true" />
    <property name="Hierarchy.PersistenceMain.proj.dir" value="../Hierarchy_TestPersistence_Main" />
    <property name="file.separator" value="\" />
    <property name="libs.IdentityAntTasks.src" value="" />
    <property name="libs.ActiveSync.classpath" value="C:\java\apps\NetBeans 6.9.1\mobility\modules\ext\nbactivesync-5.0.jar" />
    <property name="libs.junit_4.maven-pom" value="" />
    <property name="javac.test.processorpath" value="../Hierarchy_TestPersistence_Main/dist/Hierarchy_TestPersistence_Main.jar:../Hierarchy/dist/Hierarchy.jar:../lib/commons-collections-3.2.1/commons-collections-3.2.1.jar:build/classes:C:\java\apps\NetBeans 6.9.1\java\modules\ext\junit-3.8.2.jar:C:\java\apps\NetBeans 6.9.1\platform\modules\ext\junit-4.5.jar" />
    <property name="netbeans.buildnumber" value="201011082200" />
    <property name="libs.JWSAntTasks.javadoc" value="" />
    <property name="build.generated.sources.dir" value="build/generated-sources" />
    <property name="user.variant" value="" />
    <property name="sun.java.launcher" value="SUN_STANDARD" />
    <property name="libs.junit.classpath" value="C:\java\apps\NetBeans 6.9.1\java\modules\ext\junit-3.8.2.jar" />
    <property name="libs.jaxb.javadoc" value="C:\java\apps\NetBeans 6.9.1\ide\docs\jaxb-api-doc.zip" />
    <property name="libs.struts.classpath" value="C:\java\apps\NetBeans 6.9.1\enterprise\modules\ext\struts\antlr-2.7.2.jar;C:\java\apps\NetBeans 6.9.1\enterprise\modules\ext\struts\bsf-2.3.0.jar;C:\java\apps\NetBeans 6.9.1\enterprise\modules\ext\struts\commons-beanutils-1.7.0.jar;C:\java\apps\NetBeans 6.9.1\enterprise\modules\ext\struts\commons-chain-1.1.jar;C:\java\apps\NetBeans 6.9.1\enterprise\modules\ext\struts\commons-digester-1.8.jar;C:\java\apps\NetBeans 6.9.1\enterprise\modules\ext\struts\commons-fileupload-1.1.1.jar;C:\java\apps\NetBeans 6.9.1\enterprise\modules\ext\struts\commons-io-1.1.jar;C:\java\apps\NetBeans 6.9.1\enterprise\modules\ext\struts\commons-logging-1.0.4.jar;C:\java\apps\NetBeans 6.9.1\enterprise\modules\ext\struts\commons-validator-1.3.1.jar;C:\java\apps\NetBeans 6.9.1\enterprise\modules\ext\struts\jstl-1.0.2.jar;C:\java\apps\NetBeans 6.9.1\enterprise\modules\ext\struts\oro-2.0.8.jar;C:\java\apps\NetBeans 6.9.1\enterprise\modules\ext\struts\standard-1.0.2.jar;C:\java\apps\NetBeans 6.9.1\enterprise\modules\ext\struts\struts-core-1.3.8.jar;C:\java\apps\NetBeans 6.9.1\enterprise\modules\ext\struts\struts-el-1.3.8.jar;C:\java\apps\NetBeans 6.9.1\enterprise\modules\ext\struts\struts-extras-1.3.8.jar;C:\java\apps\NetBeans 6.9.1\enterprise\modules\ext\struts\struts-faces-1.3.8.jar;C:\java\apps\NetBeans 6.9.1\enterprise\modules\ext\struts\struts-mailreader-dao-1.3.8.jar;C:\java\apps\NetBeans 6.9.1\enterprise\modules\ext\struts\struts-scripting-1.3.8.jar;C:\java\apps\NetBeans 6.9.1\enterprise\modules\ext\struts\struts-taglib-1.3.8.jar;C:\java\apps\NetBeans 6.9.1\enterprise\modules\ext\struts\struts-tiles-1.3.8.jar" />
    <property name="Hierarchy_Translator_Sandbox.proj.dir" value="../Hierarchy_Translator_Sandbox" />
    <property name="ant.home" value="C:\java\apps\NetBeans 6.9.1\java\ant" />
    <property name="libs.junit_4.src" value="C:\java\apps\NetBeans 6.9.1\java\docs\junit-4.5-src.jar" />
    <property name="libs.ricoh-ant-utils.maven-pom" value="" />
    <property name="libs.absolutelayout.maven-pom" value="" />
    <property name="ant.java.version" value="1.6" />
    <property name="java.library.path" value="C:\Program Files\Java\jdk1.6.0_21\jre\bin;.;C:\Windows\Sun\Java\bin;C:\Windows\system32;C:\Windows;C:\Program Files\Common Files\Microsoft Shared\Windows Live;C:\Program Files (x86)\Common Files\Microsoft Shared\Windows Live;C:\Program Files\Perl64\site\bin;C:\Program Files\Perl64\bin;C:\Windows\system32;C:\Windows;C:\Windows\System32\Wbem;C:\Windows\System32\WindowsPowerShell\v1.0\;C:\Program Files\Dell\Dell Wireless WLAN Card;C:\Program Files (x86)\TortoiseSVN\bin;C:\Program Files (x86)\Google\Google Apps Migration\;C:\Program Files (x86)\Google\Google Apps Sync\;C:\Program Files (x86)\Windows Live\Shared;C:\Program Files (x86)\QuickTime\QTSystem\;C:\Program Files (x86)\TextPad 5;C:\java\apps\apache-ant-1.8.1\bin;C:\Program Files\Java\jdk1.6.0_21\bin;C:\scripts" />
    <property name="javadoc.author" value="false" />
    <property name="libs.metro.maven-pom" value="" />
    <property name="libs.IdentityAntTasks.classpath" value="C:\java\apps\NetBeans 6.9.1\identity\ant\nblib\org-netbeans-modules-identity-ant.jar;C:\java\apps\NetBeans 6.9.1\identity\modules\org-netbeans-modules-identity-profile-api.jar" />
    <property name="java.util.logging.config.class" value="org.netbeans.core.startup.TopLogging" />
    <property name="libs.PostgreSQLDriver.src" value="" />
    <property name="sun.arch.data.model" value="64" />
    <property name="basedir" value="C:\Projects\Hierarchy\Code\Hierarchy_TestPersistence1_Server" />
    <property name="libs.ActiveSync.src" value="" />
    <property name="jar.compress" value="false" />
    <property name="libs.NetBeans MIDP Components PDA.src" value="C:\java\apps\NetBeans 6.9.1\mobility\sources\netbeans_midp_components_pda-src.zip" />
    <property name="libs.jstl11.classpath" value="C:\java\apps\NetBeans 6.9.1\enterprise\modules\ext\standard.jar;C:\java\apps\NetBeans 6.9.1\enterprise\modules\ext\jstl.jar" />
    <property name="path.separator" value=";" />
    <property name="ant.file.type.Hierarchy_TestPersistence1_Server-impl" value="file" />
    <property name="libs.javaee-web-api-6.0.javadoc" value="C:\java\apps\NetBeans 6.9.1\enterprise\docs\javaee6-doc-api.zip" />
    <property name="sun.io.unicode.encoding" value="UnicodeLittle" />
    <property name="libs.semc-ant-utils.javadoc" value="" />
    <property name="libs.jaxws21.classpath" value="C:\java\apps\NetBeans 6.9.1\ide\modules\ext\jaxb\jaxb-impl.jar;C:\java\apps\NetBeans 6.9.1\ide\modules\ext\jaxb\jaxb-xjc.jar;C:\java\apps\NetBeans 6.9.1\java\modules\ext\jaxws22\FastInfoset.jar;C:\java\apps\NetBeans 6.9.1\java\modules\ext\jaxws22\gmbal-api-only.jar;C:\java\apps\NetBeans 6.9.1\java\modules\ext\jaxws22\http.jar;C:\java\apps\NetBeans 6.9.1\java\modules\ext\jaxws22\jaxws-rt.jar;C:\java\apps\NetBeans 6.9.1\java\modules\ext\jaxws22\jaxws-tools.jar;C:\java\apps\NetBeans 6.9.1\java\modules\ext\jaxws22\management-api.jar;C:\java\apps\NetBeans 6.9.1\java\modules\ext\jaxws22\mimepull.jar;C:\java\apps\NetBeans 6.9.1\java\modules\ext\jaxws22\policy.jar;C:\java\apps\NetBeans 6.9.1\java\modules\ext\jaxws22\saaj-impl.jar;C:\java\apps\NetBeans 6.9.1\java\modules\ext\jaxws22\stax-ex.jar;C:\java\apps\NetBeans 6.9.1\java\modules\ext\jaxws22\streambuffer.jar;C:\java\apps\NetBeans 6.9.1\java\modules\ext\jaxws22\woodstox.jar;C:\java\apps\NetBeans 6.9.1\java\modules\ext\jaxws22\api\jaxws-api.jar;C:\java\apps\NetBeans 6.9.1\java\modules\ext\jaxws22\api\jsr181-api.jar;C:\java\apps\NetBeans 6.9.1\java\modules\ext\jaxws22\api\jsr250-api.jar;C:\java\apps\NetBeans 6.9.1\java\modules\ext\jaxws22\api\saaj-api.jar;C:\java\apps\NetBeans 6.9.1\ide\modules\ext\jaxb\activation.jar;C:\java\apps\NetBeans 6.9.1\ide\modules\ext\jaxb\api\jaxb-api.jar;C:\java\apps\NetBeans 6.9.1\ide\modules\ext\jaxb\api\jsr173_api.jar" />
    <property name="libs.struts.src" value="" />
    <property name="compile.on.save" value="false" />
    <property name="apple.awt.graphics.UseQuartz" value="true" />
    <property name="user.language" value="en" />
    <property name="libs.spring-framework.classpath" value="C:\java\apps\NetBeans 6.9.1\ide\modules\ext\commons-logging-1.1.jar;C:\java\apps\NetBeans 6.9.1\java\modules\ext\cglib-2.2.jar;C:\java\apps\NetBeans 6.9.1\java\modules\ext\spring\spring-2.5.6.SEC01.jar" />
    <property name="libs.eclipselink.maven-pom" value="" />
    <property name="application.vendor" value="peterjoh" />
    <property name="libs.spring-framework300.maven-pom" value="" />
    <property name="run.test.classpath" value="../Hierarchy_TestPersistence_Main/dist/Hierarchy_TestPersistence_Main.jar:../Hierarchy/dist/Hierarchy.jar:../lib/commons-collections-3.2.1/commons-collections-3.2.1.jar:build/classes:C:\java\apps\NetBeans 6.9.1\java\modules\ext\junit-3.8.2.jar:C:\java\apps\NetBeans 6.9.1\platform\modules\ext\junit-4.5.jar:build/test/classes" />
    <property name="ant.project.invoked-targets" value="run-PersistTest-03-Server" />
    <property name="useJavaUtilZip" value="true" />
    <property name="libs.swing-layout.javadoc" value="C:\java\apps\NetBeans 6.9.1\platform\docs\swing-layout-1.0.4-doc.zip" />
    <property name="libs.swing-app-framework.javadoc" value="C:\java\apps\NetBeans 6.9.1\java\docs\appframework-1.0.3-doc.zip" />
    <property name="libs.ejb3-persistence.maven-pom" value="" />
    <property name="libs.proguard.classpath" value="C:\java\apps\NetBeans 6.9.1\mobility\external\proguard\proguard4.4.jar" />
    <property name="libs.DataBindingME-SVG.classpath" value="C:\java\apps\NetBeans 6.9.1\mobility\modules\ext\netbeans_databindingme_svg.jar" />
    <property name="https.nonProxyHosts" value="localhost|127.0.0.1|PeteLaptop" />
    <property name="libs.PostgreSQLDriver.maven-pom" value="" />
    <property name="java.class.version" value="50.0" />
    <property name="platforms.JDK_1.5.home" value="C:\Java(x86)\jdk1.5.0_22" />
    <property name="libs.javaee-endorsed-api-6.0.src" value="" />
    <property name="libs.cdc-ant-utils.classpath" value="C:\java\apps\NetBeans 6.9.1\mobility\modules\ext\org-netbeans-modules-j2me-cdc-project.jar" />
    <property name="netbeans.system_http_proxy" value="DIRECT" />
    <property name="libs.eclipselink.javadoc" value="C:\java\apps\NetBeans 6.9.1\enterprise\docs\javaee6-doc-api.zip" />
    <property name="libs.NetBeans MIDP Components WMA.maven-pom" value="" />
    <property name="libs.jsp-compilation.maven-pom" value="" />
    <property name="user.properties.file" value="C:\Users\Peter Joh\.netbeans\6.9\build.properties" />
    <property name="runtime.encoding" value="UTF-8" />
    <property name="libs.spring-framework.src" value="" />
    <property name="libs.javac-api.maven-pom" value="" />
    <property name="file.encoding.pkg" value="sun.io" />
    <property name="sun.cpu.endian" value="little" />
    <property name="libs.JWSAntTasks.classpath" value="C:\java\apps\NetBeans 6.9.1\java\ant\extra\org-netbeans-modules-javawebstart-anttasks.jar" />
    <property name="ant.file.Hierarchy_TestPersistence1_Server" value="C:\Projects\Hierarchy\Code\Hierarchy_TestPersistence1_Server\build.xml" />
    <property name="libs.spring-framework300.src" value="" />
    <property name="libs.ant-contrib.classpath" value="C:\java\apps\NetBeans 6.9.1\mobility\modules\ext\ant-contrib-1.0b3.jar" />
    <property name="Hierarchy.PersistenceController.proj.dir" value="../Hierarchy_TestPersistence_Controller" />
    <property name="Hierarchy_GenerationTestProject.proj.dir" value="../Hierarchy_GenerationTestProject" />
    <property name="empty.dir" value="C:\Projects\Hierarchy\Code\Hierarchy_TestPersistence1_Server\build\empty" />
    <property name="version-output" value="java version &quot;1.6" />
    <property name="javadoc.preview" value="true" />
    <property name="java.home" value="C:\Program Files\Java\jdk1.6.0_21\jre" />
    <property name="libs.ojec-ant-utils.javadoc" value="" />
    <property name="libs.jsp-compilation.src" value="" />
    <property name="libs.ricoh-ant-utils.src" value="" />
    <property name="libs.spring-webmvc.src" value="" />
    <property name="libs.ant-contrib.javadoc" value="" />
    <property name="debug.test.classpath" value="../Hierarchy_TestPersistence_Main/dist/Hierarchy_TestPersistence_Main.jar:../Hierarchy/dist/Hierarchy.jar:../lib/commons-collections-3.2.1/commons-collections-3.2.1.jar:build/classes:C:\java\apps\NetBeans 6.9.1\java\modules\ext\junit-3.8.2.jar:C:\java\apps\NetBeans 6.9.1\platform\modules\ext\junit-4.5.jar:build/test/classes" />
    <property name="libs.javaee-endorsed-api-6.0.classpath" value="C:\java\apps\NetBeans 6.9.1\enterprise\modules\ext\javaee6-endorsed\javax.annotation.jar;C:\java\apps\NetBeans 6.9.1\enterprise\modules\ext\javaee6-endorsed\jaxb-api-osgi.jar;C:\java\apps\NetBeans 6.9.1\enterprise\modules\ext\javaee6-endorsed\webservices-api-osgi.jar" />
    <property name="libs.javaee-api-6.0.src" value="" />
    <property name="netbeans.importclass" value="org.netbeans.upgrade.AutoUpgrade" />
    <property name="ant.project.default-target" value="default" />
    <property name="annotation.processing.run.all.processors" value="true" />
    <property name="libs.savaje-ant-utils.classpath" value="C:\java\apps\NetBeans 6.9.1\mobility\modules\ext\org-netbeans-modules-j2me-cdc-project-savaje.jar" />
    <property name="libs.toplink.maven-pom" value="" />
    <property name="libs.DataBindingME.maven-pom" value="" />
    <property name="libs.PostgreSQLDriver.javadoc" value="" />
    <property name="libs.restlib.classpath" value="C:\java\apps\NetBeans 6.9.1\enterprise\modules\ext\rest\asm-3.1.jar;C:\java\apps\NetBeans 6.9.1\enterprise\modules\ext\rest\jackson-core-asl-1.1.1.jar;C:\java\apps\NetBeans 6.9.1\enterprise\modules\ext\rest\jersey-client-1.1.5.1.jar;C:\java\apps\NetBeans 6.9.1\enterprise\modules\ext\rest\jersey-core-1.1.5.1.jar;C:\java\apps\NetBeans 6.9.1\enterprise\modules\ext\rest\jersey-json-1.1.5.1.jar;C:\java\apps\NetBeans 6.9.1\enterprise\modules\ext\rest\jersey-server-1.1.5.1.jar;C:\java\apps\NetBeans 6.9.1\enterprise\modules\ext\rest\jersey-spring-1.1.5.1.jar;C:\java\apps\NetBeans 6.9.1\enterprise\modules\ext\rest\jettison-1.1.jar;C:\java\apps\NetBeans 6.9.1\enterprise\modules\ext\rest\oauth-client-1.1.5.1.jar;C:\java\apps\NetBeans 6.9.1\enterprise\modules\ext\rest\oauth-signature-1.1.5.1.jar;C:\java\apps\NetBeans 6.9.1\ide\modules\ext\jaxb\activation.jar;C:\java\apps\NetBeans 6.9.1\ide\modules\ext\jaxb\api\jaxb-api.jar;C:\java\apps\NetBeans 6.9.1\ide\modules\ext\jaxb\api\jsr173_api.jar" />
    <property name="libs.JMUnit4CLDC11.javadoc" value="C:\java\apps\NetBeans 6.9.1\mobility\modules\docs\jmunit-1.2.1-api.zip" />
    <property name="libs.nsicom-ant-utils.maven-pom" value="" />
    <property name="libs.MySQLDriver.maven-pom" value="" />
    <property name="libs.savaje-ant-utils.src" value="" />
    <property name="http.nonProxyHosts" value="localhost|127.0.0.1|PeteLaptop" />
    <property name="libs.junit_4.javadoc" value="C:\java\apps\NetBeans 6.9.1\java\docs\junit-4.5-api.zip" />
    <property name="project.Hierarchy_TestPersistence_Main" value="../Hierarchy_TestPersistence_Main" />
    <property name="libs.spring-webmvc.javadoc" value="" />
    <property name="libs.toplink.src" value="" />
    <property name="libs.javaee-web-api-6.0.maven-pom" value="" />
    <property name="libs.cdc-pp-awt-layout.classpath" value="C:\java\apps\NetBeans 6.9.1\mobility\modules\ext\cdc-pp-awt-layout.jar" />
    <property name="libs.cdc-agui-swing-layout.src" value="C:\java\apps\NetBeans 6.9.1\mobility\sources\cdc-agui-swing-layout-src.zip" />
    <property name="run.classpath" value="../Hierarchy_TestPersistence_Main/dist/Hierarchy_TestPersistence_Main.jar:../Hierarchy/dist/Hierarchy.jar:../lib/commons-collections-3.2.1/commons-collections-3.2.1.jar:build/classes" />
    <property name="libs.hibernate-support.src" value="" />
    <property name="Hierarchy_TestMatrixProject_6_GeneratedProj_forJar_Tester.proj.dir" value="../Hierarchy_TestMatrixProject_6_GeneratedProj_forJar_Tester" />
    <property name="libs.javaee-endorsed-api-6.0.javadoc" value="C:\java\apps\NetBeans 6.9.1\enterprise\docs\javaee6-doc-api.zip" />
    <property name="libs.JMUnit4CLDC11.classpath" value="C:\java\apps\NetBeans 6.9.1\mobility\modules\ext\jmunit4cldc11-1.2.1.jar" />
    <property name="reference.Hierarchy_TestPersistence_Main.jar" value="../Hierarchy_TestPersistence_Main/dist/Hierarchy_TestPersistence_Main.jar" />
    <property name="libs.nb_svg_midp_components.classpath" value="C:\java\apps\NetBeans 6.9.1\mobility\modules\ext\nb_svg_midp_components.jar" />
    <property name="libs.spring-webmvc3.0.javadoc" value="" />
    <property name="annotation.processing.enabled.in.editor" value="false" />
    <property name="libs.NetBeans MIDP Components PDA.classpath" value="C:\java\apps\NetBeans 6.9.1\mobility\modules\ext\netbeans_midp_components_pda.jar" />
    <property name="libs.semc-ant-utils.maven-pom" value="" />
    <property name="libs.nokiadeployment.maven-pom" value="" />
    <property name="libs.restapi.src" value="" />
    <property name="libs.NetBeans MIDP Components.javadoc" value="C:\java\apps\NetBeans 6.9.1\mobility\modules\docs\netbeans_midp_components_basic-api.zip" />
    <property name="sun.management.compiler" value="HotSpot 64-Bit Server Compiler" />
    <property name="ant.file.type.Hierarchy_TestPersistence1_Server" value="file" />
    <property name="javac.deprecation" value="false" />
    <property name="javadoc.use" value="true" />
    <property name="reference.Hierarchy.jar" value="../Hierarchy/dist/Hierarchy.jar" />
    <property name="jna.boot.library.path" value="C:\Users\Peter Joh\.netbeans\6.9\var\cache\jna" />
    <property name="sun.java2d.noddraw" value="true" />
    <property name="libs.jsp-compiler.classpath" value="C:\java\apps\NetBeans 6.9.1\enterprise\ant\extra\jspcompile.jar" />
    <property name="javac.processorpath" value="../Hierarchy_TestPersistence_Main/dist/Hierarchy_TestPersistence_Main.jar:../Hierarchy/dist/Hierarchy.jar:../lib/commons-collections-3.2.1/commons-collections-3.2.1.jar" />
    <property name="maven.mode.standalone" value="true" />
    <property name="libs.spring-webmvc.classpath" value="C:\java\apps\NetBeans 6.9.1\enterprise\modules\ext\spring\spring-webmvc-2.5.6.SEC01.jar" />
    <property name="javac.compilerargs" value="" />
    <property name="ant.file" value="C:\Projects\Hierarchy\Code\Hierarchy_TestPersistence1_Server\build.xml" />
    <property name="libs.beans-binding.maven-pom" value="" />
    <property name="libs.jsf12.classpath" value="C:\java\apps\NetBeans 6.9.1\enterprise\modules\ext\jsf-1_2\commons-beanutils.jar;C:\java\apps\NetBeans 6.9.1\enterprise\modules\ext\jsf-1_2\commons-collections.jar;C:\java\apps\NetBeans 6.9.1\enterprise\modules\ext\jsf-1_2\commons-digester.jar;C:\java\apps\NetBeans 6.9.1\enterprise\modules\ext\jsf-1_2\commons-logging.jar;C:\java\apps\NetBeans 6.9.1\enterprise\modules\ext\jsf-1_2\jsf-api.jar;C:\java\apps\NetBeans 6.9.1\enterprise\modules\ext\jsf-1_2\jsf-impl.jar" />
    <property name="sun.awt.exception.handler" value="org.netbeans.core.startup.TopLogging$AWTHandler" />
    <property name="libs.restapi.maven-pom" value="" />
    <property name="libs.beans-binding.src" value="" />
    <property name="libs.NetBeans MIDP Components PDA.javadoc" value="C:\java\apps\NetBeans 6.9.1\mobility\modules\docs\netbeans_midp_components_pda-api.zip" />
    <property name="java.vm.specification.vendor" value="Sun Microsystems Inc." />
    <property name="libs.DataBindingME-PIM.javadoc" value="C:\java\apps\NetBeans 6.9.1\mobility\modules\docs\netbeans_databindingme_pim-api.zip" />
    <property name="libs.swing-layout.src" value="C:\java\apps\NetBeans 6.9.1\platform\docs\swing-layout-1.0.4-src.zip" />
    <property name="libs.j2me_ant_ext.src" value="" />
    <property name="org.openide.major.version" value="IDE/1" />
    <property name="java.vm.name" value="Java HotSpot(TM) 64-Bit Server VM" />
    <property name="netbeans.user" value="C:\Users\Peter Joh\.netbeans\6.9" />
    <property name="javadoc.additionalparam" value="" />
    <property name="libs.ricoh-ant-utils.classpath" value="C:\java\apps\NetBeans 6.9.1\mobility\modules\ext\org-netbeans-modules-j2me-cdc-project-ricoh.jar;C:\java\apps\NetBeans 6.9.1\mobility\modules\ext\RicohAntTasks-2.0.jar;C:\java\apps\NetBeans 6.9.1\mobility\modules\ext\commons-httpclient-3.0.jar;C:\java\apps\NetBeans 6.9.1\ide\modules\ext\commons-logging-1.1.jar;C:\java\apps\NetBeans 6.9.1\mobility\modules\ext\commons-codec-1.3.jar" />
    <property name="java.io.tmpdir" value="C:\Users\PETERJ~1\AppData\Local\Temp\" />
    <property name="java.vendor.url" value="http://java.sun.com/" />
    <property name="endorsed.classpath.cmd.line.arg" value="" />
    <property name="SimpleMatrixSample.proj.dir" value="../../03__Samples/SampleProjects/SimpleMatrixSample" />
    <property name="libs.jsp-compiler.src" value="" />
    <property name="sun.boot.library.path" value="C:\Program Files\Java\jdk1.6.0_21\jre\bin" />
    <property name="have.sources" value="true" />
    <property name="debug.classpath" value="../Hierarchy_TestPersistence_Main/dist/Hierarchy_TestPersistence_Main.jar:../Hierarchy/dist/Hierarchy.jar:../lib/commons-collections-3.2.1/commons-collections-3.2.1.jar:build/classes" />
    <property name="javadoc.private" value="false" />
    <property name="test.src.dir" value="test" />
    <property name="libs.jsf20.classpath" value="C:\java\apps\NetBeans 6.9.1\enterprise\modules\ext\jsf-2_0\jsf-api.jar;C:\java\apps\NetBeans 6.9.1\enterprise\modules\ext\jsf-2_0\jsf-impl.jar" />
    <property name="meta.inf.dir" value="src/META-INF" />
    <property name="javadoc.encoding.used" value="UTF-8" />
    <property name="libs.DataBindingME-SVG.src" value="" />
    <property name="dist.jar" value="dist/Hierarchy_TestPersistence1_Server.jar" />
    <property name="hierarchy.persistence.main.ServerStartedFileLock.file.path.dest" value="../Hierarchy_TestPersistence_Main/testresults/ServerStartedFileLock.txt" />
    <property name="java.runtime.name" value="Java(TM) SE Runtime Environment" />
    <property name="ant.project.name" value="Hierarchy_TestPersistence1_Server" />
    <property name="netbeans.hash.code" value="unique=NB_CND_FX_GFMOD_GROOVY_JAVA_JC_MOB_PHP_RUBY_WEBEE0d8a36db9-9816-4606-af98-242fe94e44ef_bdbe42f2-cfde-444d-9580-b90b9d42b939" />
    <property name="HierarchyJar.VersionNumber" value="0.99.9.99.3" />
    <property name="sun.cpu.isalist" value="amd64" />
    <property name="libs.j2me_ant_ext.maven-pom" value="" />
    <property name="libs.CopyLibs.javadoc" value="" />
    <property name="org.openide.specification.version" value="6.2" />
    <property name="libs.ActiveSync.javadoc" value="" />
    <property name="libs.hibernate-support.classpath" value="C:\java\apps\NetBeans 6.9.1\java\modules\ext\hibernate\antlr-2.7.6.jar;C:\java\apps\NetBeans 6.9.1\java\modules\ext\hibernate\asm.jar;C:\java\apps\NetBeans 6.9.1\java\modules\ext\hibernate\asm-attrs.jar;C:\java\apps\NetBeans 6.9.1\java\modules\ext\hibernate\cglib-2.1.3.jar;C:\java\apps\NetBeans 6.9.1\java\modules\ext\hibernate\commons-collections-2.1.1.jar;C:\java\apps\NetBeans 6.9.1\ide\modules\ext\commons-logging-1.1.jar;C:\java\apps\NetBeans 6.9.1\java\modules\ext\hibernate\dom4j-1.6.1.jar;C:\java\apps\NetBeans 6.9.1\java\modules\ext\hibernate\ehcache-1.2.3.jar;C:\java\apps\NetBeans 6.9.1\java\modules\ext\hibernate\jdbc2_0-stdext.jar;C:\java\apps\NetBeans 6.9.1\java\modules\ext\hibernate\jta.jar;C:\java\apps\NetBeans 6.9.1\java\modules\ext\hibernate\hibernate3.jar;C:\java\apps\NetBeans 6.9.1\java\modules\ext\hibernate\hibernate-tools.jar;C:\java\apps\NetBeans 6.9.1\java\modules\ext\hibernate\hibernate-annotations.jar;C:\java\apps\NetBeans 6.9.1\java\modules\ext\hibernate\hibernate-commons-annotations.jar;C:\java\apps\NetBeans 6.9.1\java\modules\ext\hibernate\hibernate-entitymanager.jar;C:\java\apps\NetBeans 6.9.1\java\modules\ext\hibernate\javassist.jar" />
    <property name="libs.DataBindingME-PIM.classpath" value="C:\java\apps\NetBeans 6.9.1\mobility\modules\ext\netbeans_databindingme_pim.jar" />
    <property name="user.home" value="C:\Users\Peter Joh" />
    <property name="annotation.processing.processors.list" value="" />
    <property name="debug-args-line" value="-Xdebug" />
    <property name="libs.NetBeans MIDP Components.classpath" value="C:\java\apps\NetBeans 6.9.1\mobility\modules\ext\netbeans_midp_components_basic.jar" />
    <property name="libs.javaee-api-6.0.maven-pom" value="" />
    <property name="libs.JWSAntTasks.src" value="" />
    <property name="libs.CopyLibs.maven-pom" value="" />
    <property name="ant.file.Hierarchy_TestPersistence1_Server-impl" value="C:\Projects\Hierarchy\Code\Hierarchy_TestPersistence1_Server\nbproject\build-impl.xml" />
    <property name="jar.index" value="false" />
    <property name="libs.absolutelayout.javadoc" value="" />
    <property name="libs.hibernate-persistence.maven-pom" value="" />
    <property name="libs.spring-framework300.javadoc" value="" />
    <property name="java.specification.name" value="Java Platform API Specification" />
    <property name="libs.swing-app-framework.maven-pom" value="" />
    <property name="libs.jakarta_slide_ant_webdav.maven-pom" value="" />
    <property name="libs.NetBeans MIDP Components WMA.classpath" value="C:\java\apps\NetBeans 6.9.1\mobility\modules\ext\netbeans_midp_components_wma.jar" />
    <property name="libs.sjmc-ant-utils.src" value="" />
    <property name="java.specification.vendor" value="Sun Microsystems Inc." />
    <property name="libs.cdc-agui-swing-layout.javadoc" value="" />
    <property name="libs.javac-api.classpath" value="C:\java\apps\NetBeans 6.9.1\java\modules\ext\javac-api-nb-7.0-b07.jar" />
    <property name="java.version" value="1.6.0_21" />
    <property name="libs.nokiaS80-ant-utils.classpath" value="C:\java\apps\NetBeans 6.9.1\mobility\modules\ext\org-netbeans-modules-j2me-cdc-project-nokiaS80.jar" />
    <property name="javadoc.version" value="false" />
    <property name="libs.NetBeans MIDP Components WMA.javadoc" value="C:\java\apps\NetBeans 6.9.1\mobility\modules\docs\netbeans_midp_components_wma-api.zip" />
    <property name="libs.MySQLDriver.javadoc" value="" />
    <property name="org.openide.version" value="deprecated" />
    <property name="platforms.JDK_1.5.compiler" value="modern" />
    <property name="source.encoding" value="UTF-8" />
    <property name="libs.ActiveSync.maven-pom" value="" />
    <property name="ap.cmd.line.internal" value="" />
    <property name="platforms.Java_TM__Platform_Micro_Edition_SDK_3_0.home" value="C:\java\apps\NetBeans 6.9.1\mobility\Java_ME_platform_SDK_3.0" />
    <property name="libs.junit.maven-pom" value="" />
    <property name="libs.metro.javadoc" value="C:\java\apps\NetBeans 6.9.1\enterprise\docs\metro-1.4-doc.zip" />
    <property name="libs.struts.maven-pom" value="" />
    <property name="netbeans.home+have.tests" value="true" />
    <property name="annotation.processing.processor.options" value="" />
    <property name="platforms.Java_TM__Platform_Micro_Edition_SDK_3_0.runcommandline" value="" />
    <property name="libs.jaxb.src" value="" />
    <property name="libs.IdentityAntTasks.maven-pom" value="" />
    <property name="libs.cdc-ant-utils.src" value="" />
    <property name="work.dir" value="C:\Projects\Hierarchy\Code\Hierarchy_TestPersistence1_Server" />
    <property name="libs.jaxb.classpath" value="C:\java\apps\NetBeans 6.9.1\ide\modules\ext\jaxb\jaxb-impl.jar;C:\java\apps\NetBeans 6.9.1\ide\modules\ext\jaxb\jaxb-xjc.jar;C:\java\apps\NetBeans 6.9.1\ide\modules\ext\jaxb\jaxb1-impl.jar;C:\java\apps\NetBeans 6.9.1\ide\modules\ext\jaxb\activation.jar;C:\java\apps\NetBeans 6.9.1\ide\modules\ext\jaxb\api\jaxb-api.jar;C:\java\apps\NetBeans 6.9.1\ide\modules\ext\jaxb\api\jsr173_api.jar" />
    <property name="hierarchy.persistence.main.ServerStartedFileLock.file.path.src" value="../Hierarchy_TestPersistence_Main/testcommon/ServerStartedFileLock.txt" />
    <property name="do.depend" value="false" />
    <property name="dist.javadoc.dir" value="dist/javadoc" />
    <property name="libs.swing-layout.classpath" value="C:\java\apps\NetBeans 6.9.1\platform\modules\ext\swing-layout-1.0.4.jar" />
    <property name="libs.spring-webmvc3.0.classpath" value="C:\java\apps\NetBeans 6.9.1\java\modules\ext\spring-3.0\spring-webmvc-3.0.2.RELEASE.jar" />
    <property name="libs.restlib.src" value="" />
    <property name="javac.source" value="1.5" />
    <property name="build.generated.dir" value="build/generated" />
    <property name="line.separator" value="
" />
    <property name="libs.proguard.src" value="" />
    <property name="libs.hibernate-persistence.src" value="" />
    <property name="libs.nb_svg_midp_components.javadoc" value="C:\java\apps\NetBeans 6.9.1\mobility\modules\docs\nb_svg_midp_components-api.zip" />
    <property name="java.specification.version" value="1.6" />
    <property name="java.vm.info" value="mixed mode" />
    <property name="libs.jaxws21.maven-pom" value="" />
    <property name="libs.cdc-ant-utils.javadoc" value="" />
    <property name="libs.ojec-ant-utils.classpath" value="C:\java\apps\NetBeans 6.9.1\mobility\modules\ext\org-netbeans-modules-j2me-cdc-project-ojec.jar" />
    <property name="libs.spring-framework.maven-pom" value="" />
    <property name="sun.boot.class.path" value="C:\Program Files\Java\jdk1.6.0_21\jre\lib\resources.jar;C:\Program Files\Java\jdk1.6.0_21\jre\lib\rt.jar;C:\Program Files\Java\jdk1.6.0_21\jre\lib\sunrsasign.jar;C:\Program Files\Java\jdk1.6.0_21\jre\lib\jsse.jar;C:\Program Files\Java\jdk1.6.0_21\jre\lib\jce.jar;C:\Program Files\Java\jdk1.6.0_21\jre\lib\charsets.jar;C:\Program Files\Java\jdk1.6.0_21\jre\classes" />
    <property name="javac.target" value="1.5" />
    <property name="built-jar.properties" value="C:\Projects\Hierarchy\Code\Hierarchy_TestPersistence1_Server\build\built-jar.properties" />
    <property name="hierarchy.dist.jar.path" value="../Hierarchy/dist/Hierarchy.jar" />
    <property name="build.test.classes.dir" value="build/test/classes" />
    <property name="platforms.Java_TM__Platform_Micro_Edition_SDK_3_0.debugcommandline" value="" />
    <property name="src.dir" value="src" />
    <property name="Hierarchy.PersistenceMain.proj.testresults.dir" value="../Hierarchy_TestPersistence_Main/testresults" />
    <property name="libs.IdentityAntTasks.javadoc" value="" />
    <property name="sun.awt.keepWorkingSetOnMinimize" value="true" />
    <property name="annotation.processing.enabled" value="true" />
    <property name="libs.jsf20.src" value="" />
    <property name="libs.proguard.maven-pom" value="" />
    <property name="libs.jsf12.src" value="" />
    <property name="libs.DataBindingME-SVG.maven-pom" value="" />
    <property name="libs.nokiadeployment.src" value="" />
    <property name="libs.savaje-ant-utils.javadoc" value="" />
    <property name="libs.struts.javadoc" value="C:\java\apps\NetBeans 6.9.1\enterprise\docs\struts-1.3.8-javadoc.zip" />
    <property name="libs.cdc-ant-utils.maven-pom" value="" />
    <property name="libs.cdc-agui-swing-layout.classpath" value="C:\java\apps\NetBeans 6.9.1\mobility\modules\ext\cdc-agui-swing-layout.jar" />
    <property name="dist.dir" value="dist" />
    <property name="libs.groovy-all.javadoc" value="" />
    <property name="libs.groovy-all.classpath" value="C:\java\apps\NetBeans 6.9.1\groovy\modules\ext\groovy-all.jar" />
    <property name="javac.fork" value="false" />
    <property name="libs.sjmc-ant-utils.classpath" value="C:\java\apps\NetBeans 6.9.1\mobility\modules\ext\org-netbeans-modules-j2me-cdc-project-sjmc.jar" />
    <property name="libs.JMUnit4CLDC10.classpath" value="C:\java\apps\NetBeans 6.9.1\mobility\modules\ext\jmunit4cldc10-1.2.1.jar" />
    <property name="java.awt.printerjob" value="sun.awt.windows.WPrinterJob" />
    <property name="default.javac.source" value="1.6" />
    <property name="debug-transport-by-os" value="dt_shmem" />
    <property name="libs.MySQLDriver.src" value="" />
    <property name="sun.jnu.encoding" value="Cp1252" />
    <property name="Hierarchy_TestMatrixProject_5_GeneratedProj_forJar.proj.dir" value="../Hierarchy_TestMatrixProject_5_GeneratedProj_forJar" />
    <property name="Hierarchy.Controller.proj.dir" value="../Hierarchy_ControllerProject" />
    <property name="libs.ant-contrib.maven-pom" value="" />
    <property name="libs.nokiadeployment.javadoc" value="" />
    <property name="build.test.results.dir" value="build/test/results" />
    <property name="java.runtime.version" value="1.6.0_21-b07" />
    <property name="libs.ejb3-persistence.javadoc" value="" />
    <property name="libs.NetBeans MIDP Components.src" value="C:\java\apps\NetBeans 6.9.1\mobility\sources\netbeans_midp_components_basic-src.zip" />
    <property name="libs.sjmc-ant-utils.javadoc" value="" />
    <property name="default.javac.target" value="1.6" />
    <property name="libs.junit_4.classpath" value="C:\java\apps\NetBeans 6.9.1\platform\modules\ext\junit-4.5.jar" />
    <property name="user.timezone" value="" />
    <property name="Hierarchy_TestPersistence1_Server.proj.dir" value="../Hierarchy_TestPersistence1_Server" />
    <property name="do.jar" value="true" />
    <property name="platforms.CDC_Java_TM__Platform_Micro_Edition_SDK_3.0.home" value="C:\java\apps\NetBeans 6.9.1\mobility\Java_ME_platform_SDK_3.0" />
    <property name="libs.javaee-endorsed-api-6.0.maven-pom" value="" />
    <property name="libs.ant-contrib.src" value="" />
    <property name="netbeans.dirs" value="C:\java\apps\NetBeans 6.9.1\nb;C:\java\apps\NetBeans 6.9.1\ergonomics;C:\java\apps\NetBeans 6.9.1\ide;C:\java\apps\NetBeans 6.9.1\java;C:\java\apps\NetBeans 6.9.1\xml;C:\java\apps\NetBeans 6.9.1\apisupport;C:\java\apps\NetBeans 6.9.1\webcommon;C:\java\apps\NetBeans 6.9.1\websvccommon;C:\java\apps\NetBeans 6.9.1\enterprise;C:\java\apps\NetBeans 6.9.1\mobility;C:\java\apps\NetBeans 6.9.1\profiler;C:\java\apps\NetBeans 6.9.1\ruby;C:\java\apps\NetBeans 6.9.1\python;C:\java\apps\NetBeans 6.9.1\php;C:\java\apps\NetBeans 6.9.1\visualweb;C:\java\apps\NetBeans 6.9.1\soa;C:\java\apps\NetBeans 6.9.1\identity;C:\java\apps\NetBeans 6.9.1\uml;C:\java\apps\NetBeans 6.9.1\harness;C:\java\apps\NetBeans 6.9.1\cnd;C:\java\apps\NetBeans 6.9.1\dlight;C:\java\apps\NetBeans 6.9.1\groovy;C:\java\apps\NetBeans 6.9.1\extra;C:\java\apps\NetBeans 6.9.1\javafx;C:\java\apps\NetBeans 6.9.1\javacard" />
    <property name="libs.jsf20.javadoc" value="C:\java\apps\NetBeans 6.9.1\enterprise\docs\javaee6-doc-api.zip" />
    <property name="java.ext.dirs" value="C:\Program Files\Java\jdk1.6.0_21\jre\lib\ext;C:\Windows\Sun\Java\lib\ext" />
    <property name="libs.metro.src" value="" />
    <property name="libs.savaje-ant-utils.maven-pom" value="" />
    <property name="endorsed.classpath" value="" />
    <property name="libs.semc-ant-utils.src" value="" />
    <property name="libs.absolutelayout.classpath" value="C:\java\apps\NetBeans 6.9.1\java\modules\ext\AbsoluteLayout.jar" />
    <property name="excludes" value="" />
    <property name="libs.metro.classpath" value="C:\java\apps\NetBeans 6.9.1\ide\modules\ext\jaxb\activation.jar;C:\java\apps\NetBeans 6.9.1\enterprise\modules\ext\metro\webservices-api.jar;C:\java\apps\NetBeans 6.9.1\enterprise\modules\ext\metro\webservices-extra-api.jar;C:\java\apps\NetBeans 6.9.1\enterprise\modules\ext\metro\webservices-extra.jar;C:\java\apps\NetBeans 6.9.1\enterprise\modules\ext\metro\webservices-rt.jar;C:\java\apps\NetBeans 6.9.1\enterprise\modules\ext\metro\webservices-tools.jar" />
    <property name="libs.restlib.maven-pom" value="" />
    <property name="hierarchy.persistence.main.ServerStartedFileLock.file.name" value="ServerStartedFileLock.txt" />
    <property name="libs.DataBindingME.javadoc" value="C:\java\apps\NetBeans 6.9.1\mobility\modules\docs\netbeans_databindingme-api.zip" />
    <property name="apple.laf.useScreenMenuBar" value="true" />
    <property name="java.class.path" value="C:\Projects\Hierarchy\Code\Hierarchy\dist\Hierarchy.jar;C:\Projects\Hierarchy\Code\Hierarchy_TestPersistence1_Server\build\test\classes;C:\Projects\Hierarchy\Code\Hierarchy_TestPersistence1_Server\build\classes;C:\Projects\Hierarchy\Code\Hierarchy_TestPersistence_Main\build\classes;C:\Projects\Hierarchy\Code\Hierarchy_TestPersistence1_Server;C:\Program Files (x86)\Java\jre6\lib\ext\QTJava.zip;C:\java\apps\NetBeans 6.9.1\java\ant\lib\ant-launcher.jar;C:\java\apps\NetBeans 6.9.1\java\ant\lib\ant.jar;C:\java\apps\NetBeans 6.9.1\java\ant\patches\72080.jar" />
    <property name="do.mkdist" value="true" />
    <property name="libs.absolutelayout.src" value="" />
    <property name="libs.cdc-pp-awt-layout.maven-pom" value="" />
    <property name="os.version" value="6.1" />
    <property name="application.args" value="" />
    <property name="libs.JMUnit4CLDC11.maven-pom" value="" />
    <property name="libs.toplink.javadoc" value="C:\java\apps\NetBeans 6.9.1\enterprise\docs\javaee6-doc-api.zip" />
    <property name="sun.desktop" value="windows" />
    <property name="libs.nb_svg_midp_components.maven-pom" value="" />
    <property name="Hierarchy.PersistenceMain.proj.testcommon.dir" value="../Hierarchy_TestPersistence_Main/testcommon" />
    <property name="libs.ricoh-ant-utils.javadoc" value="" />
    <property name="libs.restlib.javadoc" value="C:\java\apps\NetBeans 6.9.1\enterprise\docs\jersey-client-1.1.5.1-javadoc.zip;C:\java\apps\NetBeans 6.9.1\enterprise\docs\jersey-core-1.1.5.1-javadoc.zip;C:\java\apps\NetBeans 6.9.1\enterprise\docs\jersey-json-1.1.5.1-javadoc.zip;C:\java\apps\NetBeans 6.9.1\enterprise\docs\jersey-spring-1.1.5.1-javadoc.zip;C:\java\apps\NetBeans 6.9.1\enterprise\docs\oauth-client-1.1.5.1-javadoc.zip;C:\java\apps\NetBeans 6.9.1\enterprise\docs\oauth-signature-1.1.5.1-javadoc.zip" />
    <property name="libs.NetBeans MIDP Components PDA.maven-pom" value="" />
    <property name="libs.eclipselink.classpath" value="C:\java\apps\NetBeans 6.9.1\java\modules\ext\eclipselink\eclipselink-2.0.2.jar;C:\java\apps\NetBeans 6.9.1\java\modules\ext\eclipselink\eclipselink-javax.persistence-2.0.jar" />
    <property name="platforms.JDK_1.5.bootclasspath" value="C:\Java(x86)\jdk1.5.0_22\jre\lib\rt.jar;C:\Java(x86)\jdk1.5.0_22\jre\lib\i18n.jar;C:\Java(x86)\jdk1.5.0_22\jre\lib\sunrsasign.jar;C:\Java(x86)\jdk1.5.0_22\jre\lib\jsse.jar;C:\Java(x86)\jdk1.5.0_22\jre\lib\jce.jar;C:\Java(x86)\jdk1.5.0_22\jre\lib\charsets.jar;C:\Java(x86)\jdk1.5.0_22\jre\classes;C:\Java(x86)\jdk1.5.0_22\jre\lib\ext\dnsns.jar;C:\Java(x86)\jdk1.5.0_22\jre\lib\ext\localedata.jar;C:\Java(x86)\jdk1.5.0_22\jre\lib\ext\sunjce_provider.jar;C:\Java(x86)\jdk1.5.0_22\jre\lib\ext\sunpkcs11.jar" />
    <property name="libs.beans-binding.javadoc" value="C:\java\apps\NetBeans 6.9.1\java\docs\beansbinding-1.2.1-doc.zip" />
    <property name="java.awt.graphicsenv" value="sun.awt.Win32GraphicsEnvironment" />
    <property name="java.vm.vendor" value="Sun Microsystems Inc." />
    <property name="libs.CopyLibs.classpath" value="C:\java\apps\NetBeans 6.9.1\java\ant\extra\org-netbeans-modules-java-j2seproject-copylibstask.jar" />
    <property name="libs.spring-framework300.classpath" value="C:\java\apps\NetBeans 6.9.1\ide\modules\ext\commons-logging-1.1.jar;C:\java\apps\NetBeans 6.9.1\java\modules\ext\cglib-2.2.jar;C:\java\apps\NetBeans 6.9.1\java\modules\ext\spring-3.0\spring-aop-3.0.2.RELEASE.jar;C:\java\apps\NetBeans 6.9.1\java\modules\ext\spring-3.0\spring-asm-3.0.2.RELEASE.jar;C:\java\apps\NetBeans 6.9.1\java\modules\ext\spring-3.0\spring-aspects-3.0.2.RELEASE.jar;C:\java\apps\NetBeans 6.9.1\java\modules\ext\spring-3.0\spring-beans-3.0.2.RELEASE.jar;C:\java\apps\NetBeans 6.9.1\java\modules\ext\spring-3.0\spring-context-3.0.2.RELEASE.jar;C:\java\apps\NetBeans 6.9.1\java\modules\ext\spring-3.0\spring-context-support-3.0.2.RELEASE.jar;C:\java\apps\NetBeans 6.9.1\java\modules\ext\spring-3.0\spring-core-3.0.2.RELEASE.jar;C:\java\apps\NetBeans 6.9.1\java\modules\ext\spring-3.0\spring-expression-3.0.2.RELEASE.jar;C:\java\apps\NetBeans 6.9.1\java\modules\ext\spring-3.0\spring-instrument-3.0.2.RELEASE.jar;C:\java\apps\NetBeans 6.9.1\java\modules\ext\spring-3.0\spring-instrument-tomcat-3.0.2.RELEASE.jar;C:\java\apps\NetBeans 6.9.1\java\modules\ext\spring-3.0\spring-jdbc-3.0.2.RELEASE.jar;C:\java\apps\NetBeans 6.9.1\java\modules\ext\spring-3.0\spring-jms-3.0.2.RELEASE.jar;C:\java\apps\NetBeans 6.9.1\java\modules\ext\spring-3.0\spring-orm-3.0.2.RELEASE.jar;C:\java\apps\NetBeans 6.9.1\java\modules\ext\spring-3.0\spring-oxm-3.0.2.RELEASE.jar;C:\java\apps\NetBeans 6.9.1\java\modules\ext\spring-3.0\spring-test-3.0.2.RELEASE.jar;C:\java\apps\NetBeans 6.9.1\java\modules\ext\spring-3.0\spring-tx-3.0.2.RELEASE.jar;C:\java\apps\NetBeans 6.9.1\java\modules\ext\spring-3.0\spring-web-3.0.2.RELEASE.jar;C:\java\apps\NetBeans 6.9.1\java\modules\ext\spring-3.0\spring-webmvc-portlet-3.0.2.RELEASE.jar;C:\java\apps\NetBeans 6.9.1\java\modules\ext\spring-3.0\spring-webmvc-3.0.2.RELEASE.jar;C:\java\apps\NetBeans 6.9.1\java\modules\ext\spring-3.0\spring-struts-3.0.2.RELEASE.jar" />
    <property name="libs.jsp-compiler.maven-pom" value="" />
    <property name="SimpleMatrixWebSample.proj.dir" value="../../03__Samples/SampleProjects/SimpleMatrixWebSample" />
    <property name="libs.spring-webmvc.maven-pom" value="" />
    <property name="run.jvmargs" value="" />
    <property name="libs.ejb3-persistence.classpath" value="C:\java\apps\NetBeans 6.9.1\java\modules\ext\hibernate\ejb3-persistence.jar" />
    <property name="libs.spring-framework.javadoc" value="" />
    <property name="platforms.Java_TM__Platform_Micro_Edition_SDK_3_0.type" value="UEI-1.0.1" />
    <property name="libs.DataBindingME-PIM.src" value="" />
    <property name="libs.PostgreSQLDriver.classpath" value="C:\java\apps\NetBeans 6.9.1\ide\modules\ext\postgresql-8.3-603.jdbc3.jar" />
    <property name="Web_UnconventionalThinking.proj.dir" value="../Web_UnconventionalThinking" />
    <property name="libs.jsf12.maven-pom" value="" />
    <property name="libs.junit.src" value="" />
    <property name="main.class" value="" />
    <property name="libs.CopyLibs.src" value="" />
    <property name="build.dir" value="build" />
    <property name="libs.jsp-compilation.classpath" value="C:\java\apps\NetBeans 6.9.1\java\ant\lib\ant.jar;C:\java\apps\NetBeans 6.9.1\enterprise\modules\ext\servlet2.5-jsp2.1-api.jar;C:\java\apps\NetBeans 6.9.1\enterprise\modules\ext\glassfish-jspparser-2.0.jar;C:\java\apps\NetBeans 6.9.1\enterprise\modules\ext\glassfish-logging-2.0.jar;C:\java\apps\NetBeans 6.9.1\ide\modules\ext\commons-logging-1.1.jar;C:\java\apps\NetBeans 6.9.1\java\ant\lib\ant-launcher.jar" />
    <property name="hierarchy.persistence.client.proj.classpath" value="../Hierarchy_TestPersistence2_Client/build/test/classes:../Hierarchy_TestPersistence2_Client/build/classes" />
    <property name="ant.version" value="Apache Ant version 1.8.1 compiled on April 30 2010" />
    <property name="hierarchy.persistence.server.proj.classpath" value="../Hierarchy_TestPersistence1_Server/build/test/classes:../Hierarchy_TestPersistence1_Server/build/classes" />
    <property name="file.encoding" value="Cp1252" />
    <property name="build.classes.excludes" value="**/*.java,**/*.form" />
    <property name="javadoc.nonavbar" value="false" />
    <property name="Hierarchy_TestPersistence2_Client.proj.dir" value="../Hierarchy_TestPersistence2_Client" />
    <property name="platform.active" value="default_platform" />
    <property name="awt.toolkit" value="sun.awt.windows.WToolkit" />
  </properties>
  <testcase classname="net.unconventionalthinking.hierarchy.persistence.PersistTest_03_Server__CheckNewPersistedMatrix" name="checkNewPersistedMatrix_Test" time="14.688" />
  <system-out><![CDATA[setting up server for a run with an existing matrix.
Starting PersistentMatrices Server
  Using properties file: ../Hierarchy_TestPersistence1_Server/test/net/unconventionalthinking/hierarchy/persistence/PersistTest_Server.properties
Loaded metacompiler file located at: C:\Projects\Hierarchy\Code\Hierarchy_TestPersistence1_Server\test\net\unconventionalthinking\hierarchy\persistence\PersistTest_Server.properties
Setting up Server using Configurator

Starting Server...

_________________________________________________________________________________________________________________
Metacompiling the Server's code.
  Meta-Src base-dir path [C:\Projects\Hierarchy\Code\Hierarchy_TestPersistence1_Server\src_meta]
  Meta-Build dest-dir path [C:\Projects\Hierarchy\Code\Hierarchy_TestPersistence1_Server\matrix_build\build1_meta]
  Final-Build dest-dir path [C:\Projects\Hierarchy\Code\Hierarchy_TestPersistence1_Server\matrix_build\build2_final]
_________________________________________________________________________________________________________________
Cleaning:
Done!

____________________________________________________________________________________________________________________

  Hierarchy Metacompiler Settings
____________________________________________________________________________________________________________________

 o Base Directory of Meta-code Source: C:\Projects\Hierarchy\Code\Hierarchy_TestPersistence1_Server\src_meta
 o Meta-Build Directory where the generated Java Files are placed: C:\Projects\Hierarchy\Code\Hierarchy_TestPersistence1_Server\matrix_build\build1_meta
 o Final-Build Directory where the class files are placed: C:\Projects\Hierarchy\Code\Hierarchy_TestPersistence1_Server\matrix_build\build2_final
 o Javac Version info: javac 1.6.0_21

Classpath of the Metacompiler's JVM:
   - /C:/Projects/Hierarchy/Code/Hierarchy/dist/Hierarchy.jar
   - /C:/Projects/Hierarchy/Code/Hierarchy_TestPersistence1_Server/build/test/classes/
   - /C:/Projects/Hierarchy/Code/Hierarchy_TestPersistence1_Server/build/classes/
   - /C:/Projects/Hierarchy/Code/Hierarchy_TestPersistence_Main/build/classes/
   - /C:/Projects/Hierarchy/Code/Hierarchy_TestPersistence1_Server/
   - /C:/Program%20Files%20(x86)/Java/jre6/lib/ext/QTJava.zip
   - /C:/java/apps/NetBeans%206.9.1/java/ant/lib/ant-launcher.jar
   - /C:/java/apps/NetBeans%206.9.1/java/ant/lib/ant.jar
   - /C:/java/apps/NetBeans%206.9.1/java/ant/patches/72080.jar


____________________________________________________________________________________________________________________

  Meta-compilation Output
____________________________________________________________________________________________________________________

Initially Compiling Java-files:
done! 0 Java files compiled.


MetaCompiling Schema Code:
Output is:
Note: maintests\samples\persistenceclient\AppControl.java uses unchecked or unsafe operations.
Note: Recompile with -Xlint:unchecked for details.
done! 2 schema files compiled.


Generate FieldSets:
First, Load the appControl to create the schemas
Output is:
Note: maintests\samples\persistenceclient\AppControl.java uses unchecked or unsafe operations.
Note: Recompile with -Xlint:unchecked for details.
done! 3 specialized fieldsets compiled.



MetaCompiling Matrix Code:
   - Metacompiling Matrix [C:\Projects\Hierarchy\Code\Hierarchy_TestPersistence1_Server\src_meta\maintests\samples\persistenceclient/Test$__$Matrix.matrix], Is Persistent Matrix [true]
   - Metacompiling Matrix [C:\Projects\Hierarchy\Code\Hierarchy_TestPersistence1_Server\src_meta\maintests\samples\persistenceclient\otherpackage/Test$__$Matrix2.matrix], Is Persistent Matrix [true]

Generate FieldSets:
First, Load the appControl to create the schemas
done! 3 specialized fieldsets generated.

Output is:
Note: maintests\samples\persistenceclient\AppControl.java uses unchecked or unsafe operations.
Note: Recompile with -Xlint:unchecked for details.
done! 2 matrices compiled.



MetaCompiling Embedded Java Files:

Generate FieldSets:
First, Load the appControl to create the schemas
done! 3 specialized fieldsets generated.



Compiling Generated Java-Files into Class files:
Output is:
Note: maintests\samples\persistenceclient\AppControl.java uses unchecked or unsafe operations.
Note: Recompile with -Xlint:unchecked for details.
    Compiled metafiles into final class files.

done! 0 embedded files meta-compiled.


... End of Metacompilation
_________________________________________________________________________________________________________________


Loading Persistent Matices:
   Added matrix [maintests.samples.persistenceclient::Test.Matrix] to persistentMatrix index
   Added matrix [maintests.samples.persistenceclient.otherpackage::Test.Matrix2] to persistentMatrix index
   ... done! There were 2 persistent matrices out of 2 total matrices.

Starting RMI Service - Registry connection Settings:
   host: 127.0.0.1, port: -1


...Finished Starting Server.

checkNewPersistedMatrix_Test
Testing updated matrix with name: Test.Matrix
Done!
Testing updated matrix with name: Test.Matrix2
Done!

_________________________________________________________________________________________________________________
Metacompiling the Server's code.
  Meta-Src base-dir path [C:\Projects\Hierarchy\Code\Hierarchy_TestPersistence1_Server\src_meta]
  Meta-Build dest-dir path [C:\Projects\Hierarchy\Code\Hierarchy_TestPersistence1_Server\matrix_build\build1_meta]
  Final-Build dest-dir path [C:\Projects\Hierarchy\Code\Hierarchy_TestPersistence1_Server\matrix_build\build2_final]
_________________________________________________________________________________________________________________
Cleaning:
Done!

____________________________________________________________________________________________________________________

  Hierarchy Metacompiler Settings
____________________________________________________________________________________________________________________

 o Base Directory of Meta-code Source: C:\Projects\Hierarchy\Code\Hierarchy_TestPersistence1_Server\src_meta
 o Meta-Build Directory where the generated Java Files are placed: C:\Projects\Hierarchy\Code\Hierarchy_TestPersistence1_Server\matrix_build\build1_meta
 o Final-Build Directory where the class files are placed: C:\Projects\Hierarchy\Code\Hierarchy_TestPersistence1_Server\matrix_build\build2_final
 o Javac Version info: javac 1.6.0_21

Classpath of the Metacompiler's JVM:
   - /C:/Projects/Hierarchy/Code/Hierarchy/dist/Hierarchy.jar
   - /C:/Projects/Hierarchy/Code/Hierarchy_TestPersistence1_Server/build/test/classes/
   - /C:/Projects/Hierarchy/Code/Hierarchy_TestPersistence1_Server/build/classes/
   - /C:/Projects/Hierarchy/Code/Hierarchy_TestPersistence_Main/build/classes/
   - /C:/Projects/Hierarchy/Code/Hierarchy_TestPersistence1_Server/
   - /C:/Program%20Files%20(x86)/Java/jre6/lib/ext/QTJava.zip
   - /C:/java/apps/NetBeans%206.9.1/java/ant/lib/ant-launcher.jar
   - /C:/java/apps/NetBeans%206.9.1/java/ant/lib/ant.jar
   - /C:/java/apps/NetBeans%206.9.1/java/ant/patches/72080.jar


____________________________________________________________________________________________________________________

  Meta-compilation Output
____________________________________________________________________________________________________________________

Initially Compiling Java-files:
done! 0 Java files compiled.


MetaCompiling Schema Code:
Output is:
Note: maintests\samples\persistenceclient\AppControl.java uses unchecked or unsafe operations.
Note: Recompile with -Xlint:unchecked for details.
done! 2 schema files compiled.


Generate FieldSets:
First, Load the appControl to create the schemas
Output is:
Note: maintests\samples\persistenceclient\AppControl.java uses unchecked or unsafe operations.
Note: Recompile with -Xlint:unchecked for details.
done! 3 specialized fieldsets compiled.



MetaCompiling Matrix Code:
   - Metacompiling Matrix [C:\Projects\Hierarchy\Code\Hierarchy_TestPersistence1_Server\src_meta\maintests\samples\persistenceclient/Test$__$Matrix.matrix], Is Persistent Matrix [true]
   - Metacompiling Matrix [C:\Projects\Hierarchy\Code\Hierarchy_TestPersistence1_Server\src_meta\maintests\samples\persistenceclient\otherpackage/Test$__$Matrix2.matrix], Is Persistent Matrix [true]

Generate FieldSets:
First, Load the appControl to create the schemas
done! 3 specialized fieldsets generated.

Output is:
Note: maintests\samples\persistenceclient\AppControl.java uses unchecked or unsafe operations.
Note: Recompile with -Xlint:unchecked for details.
done! 2 matrices compiled.



MetaCompiling Embedded Java Files:

Generate FieldSets:
First, Load the appControl to create the schemas
done! 3 specialized fieldsets generated.



Compiling Generated Java-Files into Class files:
Output is:
Note: maintests\samples\persistenceclient\AppControl.java uses unchecked or unsafe operations.
Note: Recompile with -Xlint:unchecked for details.
    Compiled metafiles into final class files.

done! 0 embedded files meta-compiled.


... End of Metacompilation
_________________________________________________________________________________________________________________


Loading Persistent Matices:
   Added matrix [maintests.samples.persistenceclient.otherpackage::Test.Matrix2] to persistentMatrix index
   Added matrix [maintests.samples.persistenceclient::Test.Matrix] to persistentMatrix index
   ... done! There were 2 persistent matrices out of 2 total matrices.

Updating the client src. Copying the Server files to the client:
   Copying server Meta-Src from [C:\Projects\Hierarchy\Code\Hierarchy_TestPersistence1_Server\src_meta] to client dir [ ../Hierarchy_TestPersistence2_Client/src]
   Copying server Meta-Build files from [C:\Projects\Hierarchy\Code\Hierarchy_TestPersistence1_Server\matrix_build\build1_meta] to client dir [ ../Hierarchy_TestPersistence2_Client/src]
   Copying server Final-Build files from [C:\Projects\Hierarchy\Code\Hierarchy_TestPersistence1_Server\matrix_build\build2_final] to client dir [ ../Hierarchy_TestPersistence2_Client/build/classes]
   ...Done!
ShutDown requested:
   Trying to stop the Server's RMI service...
   ...Done!
   Shutting Down the inbox monitor thread... request made (async call).
...Test stopped.
]]></system-out>
  <system-err><![CDATA[]]></system-err>
</testsuite>
